<?xml version="1.0" encoding="UTF-8"?>
<coverage generated="1667943146031" clover="3.2.0">
  <project timestamp="1667943146032" name="All files">
    <metrics statements="26" coveredstatements="26" conditionals="8" coveredconditionals="8" methods="5" coveredmethods="5" elements="39" coveredelements="39" complexity="0" loc="26" ncloc="26" packages="1" files="1" classes="1"/>
    <file name="compare.js" path="/Users/vecus/WebstormProjects/frontend-project-lvl2/bin/compare.js">
      <metrics statements="26" coveredstatements="26" conditionals="8" coveredconditionals="8" methods="5" coveredmethods="5"/>
      <line num="6" count="2" type="stmt"/>
      <line num="7" count="2" type="stmt"/>
      <line num="8" count="2" type="stmt"/>
      <line num="9" count="2" type="stmt"/>
      <line num="10" count="2" type="stmt"/>
      <line num="11" count="2" type="stmt"/>
      <line num="12" count="2" type="stmt"/>
      <line num="16" count="2" type="stmt"/>
      <line num="17" count="8" type="cond" truecount="2" falsecount="0"/>
      <line num="18" count="4" type="cond" truecount="2" falsecount="0"/>
      <line num="19" count="2" type="stmt"/>
      <line num="21" count="2" type="stmt"/>
      <line num="24" count="4" type="stmt"/>
      <line num="27" count="2" type="stmt"/>
      <line num="28" count="6" type="cond" truecount="2" falsecount="0"/>
      <line num="29" count="4" type="cond" truecount="2" falsecount="0"/>
      <line num="30" count="2" type="stmt"/>
      <line num="33" count="2" type="stmt"/>
      <line num="36" count="2" type="stmt"/>
      <line num="37" count="2" type="stmt"/>
      <line num="38" count="2" type="stmt"/>
      <line num="39" count="8" type="stmt"/>
      <line num="40" count="4" type="stmt"/>
      <line num="41" count="2" type="stmt"/>
      <line num="42" count="2" type="stmt"/>
      <line num="43" count="2" type="stmt"/>
    </file>
  </project>
</coverage>
