{"/Users/vecus/WebstormProjects/frontend-project-lvl2/bin/compare.js": {"path":"/Users/vecus/WebstormProjects/frontend-project-lvl2/bin/compare.js","statementMap":{"0":{"start":{"line":6,"column":18},"end":{"line":6,"column":41}},"1":{"start":{"line":7,"column":18},"end":{"line":7,"column":41}},"2":{"start":{"line":8,"column":18},"end":{"line":8,"column":61}},"3":{"start":{"line":9,"column":18},"end":{"line":9,"column":61}},"4":{"start":{"line":10,"column":22},"end":{"line":10,"column":62}},"5":{"start":{"line":11,"column":22},"end":{"line":11,"column":62}},"6":{"start":{"line":12,"column":19},"end":{"line":15,"column":5}},"7":{"start":{"line":16,"column":4},"end":{"line":26,"column":7}},"8":{"start":{"line":17,"column":12},"end":{"line":25,"column":13}},"9":{"start":{"line":18,"column":20},"end":{"line":22,"column":21}},"10":{"start":{"line":19,"column":28},"end":{"line":19,"column":81}},"11":{"start":{"line":21,"column":28},"end":{"line":21,"column":81}},"12":{"start":{"line":24,"column":20},"end":{"line":24,"column":73}},"13":{"start":{"line":27,"column":4},"end":{"line":35,"column":7}},"14":{"start":{"line":28,"column":12},"end":{"line":34,"column":13}},"15":{"start":{"line":29,"column":20},"end":{"line":31,"column":21}},"16":{"start":{"line":30,"column":28},"end":{"line":30,"column":81}},"17":{"start":{"line":33,"column":20},"end":{"line":33,"column":73}},"18":{"start":{"line":36,"column":20},"end":{"line":36,"column":25}},"19":{"start":{"line":37,"column":25},"end":{"line":37,"column":60}},"20":{"start":{"line":38,"column":25},"end":{"line":38,"column":60}},"21":{"start":{"line":39,"column":4},"end":{"line":39,"column":80}},"22":{"start":{"line":39,"column":43},"end":{"line":39,"column":78}},"23":{"start":{"line":40,"column":4},"end":{"line":40,"column":80}},"24":{"start":{"line":40,"column":43},"end":{"line":40,"column":78}},"25":{"start":{"line":41,"column":4},"end":{"line":41,"column":20}},"26":{"start":{"line":42,"column":4},"end":{"line":42,"column":27}},"27":{"start":{"line":43,"column":4},"end":{"line":43,"column":21}}},"fnMap":{"0":{"name":"(anonymous_0)","decl":{"start":{"line":5,"column":15},"end":{"line":5,"column":16}},"loc":{"start":{"line":5,"column":41},"end":{"line":44,"column":1}},"line":5},"1":{"name":"(anonymous_1)","decl":{"start":{"line":16,"column":18},"end":{"line":16,"column":19}},"loc":{"start":{"line":16,"column":31},"end":{"line":26,"column":5}},"line":16},"2":{"name":"(anonymous_2)","decl":{"start":{"line":27,"column":18},"end":{"line":27,"column":19}},"loc":{"start":{"line":27,"column":31},"end":{"line":35,"column":5}},"line":27},"3":{"name":"(anonymous_3)","decl":{"start":{"line":39,"column":25},"end":{"line":39,"column":26}},"loc":{"start":{"line":39,"column":43},"end":{"line":39,"column":78}},"line":39},"4":{"name":"(anonymous_4)","decl":{"start":{"line":40,"column":25},"end":{"line":40,"column":26}},"loc":{"start":{"line":40,"column":43},"end":{"line":40,"column":78}},"line":40}},"branchMap":{"0":{"loc":{"start":{"line":17,"column":12},"end":{"line":25,"column":13}},"type":"if","locations":[{"start":{"line":17,"column":12},"end":{"line":25,"column":13}},{"start":{"line":23,"column":19},"end":{"line":25,"column":13}}],"line":17},"1":{"loc":{"start":{"line":18,"column":20},"end":{"line":22,"column":21}},"type":"if","locations":[{"start":{"line":18,"column":20},"end":{"line":22,"column":21}},{"start":{"line":20,"column":27},"end":{"line":22,"column":21}}],"line":18},"2":{"loc":{"start":{"line":28,"column":12},"end":{"line":34,"column":13}},"type":"if","locations":[{"start":{"line":28,"column":12},"end":{"line":34,"column":13}},{"start":{"line":32,"column":19},"end":{"line":34,"column":13}}],"line":28},"3":{"loc":{"start":{"line":29,"column":20},"end":{"line":31,"column":21}},"type":"if","locations":[{"start":{"line":29,"column":20},"end":{"line":31,"column":21}},{"start":{},"end":{}}],"line":29}},"s":{"0":2,"1":2,"2":2,"3":2,"4":2,"5":2,"6":2,"7":2,"8":8,"9":4,"10":2,"11":2,"12":4,"13":2,"14":6,"15":4,"16":2,"17":2,"18":2,"19":2,"20":2,"21":2,"22":8,"23":2,"24":4,"25":2,"26":2,"27":2},"f":{"0":2,"1":8,"2":6,"3":8,"4":4},"b":{"0":[4,4],"1":[2,2],"2":[4,2],"3":[2,2]},"_coverageSchema":"1a1c01bbd47fc00a2c39e90264f33305004495a9","hash":"05448ba7a35656ac98502f91a9c9dcb9f95476ec"}
}
