TN:
SF:bin/compare.js
FN:5,(anonymous_0)
FN:16,(anonymous_1)
FN:27,(anonymous_2)
FN:39,(anonymous_3)
FN:40,(anonymous_4)
FNF:5
FNH:5
FNDA:2,(anonymous_0)
FNDA:8,(anonymous_1)
FNDA:6,(anonymous_2)
FNDA:8,(anonymous_3)
FNDA:4,(anonymous_4)
DA:6,2
DA:7,2
DA:8,2
DA:9,2
DA:10,2
DA:11,2
DA:12,2
DA:16,2
DA:17,8
DA:18,4
DA:19,2
DA:21,2
DA:24,4
DA:27,2
DA:28,6
DA:29,4
DA:30,2
DA:33,2
DA:36,2
DA:37,2
DA:38,2
DA:39,8
DA:40,4
DA:41,2
DA:42,2
DA:43,2
LF:26
LH:26
BRDA:17,0,0,4
BRDA:17,0,1,4
BRDA:18,1,0,2
BRDA:18,1,1,2
BRDA:28,2,0,4
BRDA:28,2,1,2
BRDA:29,3,0,2
BRDA:29,3,1,2
BRF:8
BRH:8
end_of_record
